<?xml version="1.0" encoding="UTF-8"?>
<!-- Generated by org.testng.reporters.JUnitReportReporter -->
<testsuite hostname="LAPTOP-AQOMSPMC" failures="0" tests="1" name="maven_package.maven_project.Registration_calling" time="9.222" errors="0" timestamp="14 Jul 2018 10:32:46 GMT" skipped="0">
  <testcase classname="maven_package.maven_project.Registration_calling" name="user_reg" time="9.222"/>
</testsuite> <!-- maven_package.maven_project.Registration_calling -->
